0 silly argv {
0 silly argv   _: [ 'run' ],
0 silly argv   stream: true,
0 silly argv   parallel: true,
0 silly argv   lernaVersion: '3.22.0',
0 silly argv   '$0': '/Users/thearae/border-buddy-development/node_modules/.bin/lerna',
0 silly argv   script: 'dev'
0 silly argv }
1 notice cli v3.22.0
2 verbose rootPath /Users/thearae/border-buddy-development
3 info Executing command in 2 packages: "npm run dev"
4 silly npmRunScript.stream [ 'dev', [], 'api' ]
5 silly getExecOpts /Users/thearae/border-buddy-development/packages/api undefined
6 silly npmRunScript.stream [ 'dev', [], 'client' ]
7 silly getExecOpts /Users/thearae/border-buddy-development/packages/client undefined
8 error MaxBufferError: stderr maxBuffer exceeded
8 error     at PassThrough.<anonymous> (/Users/thearae/border-buddy-development/node_modules/get-stream/index.js:41:19)
8 error     at PassThrough.emit (events.js:327:22)
8 error     at addChunk (_stream_readable.js:302:12)
8 error     at readableAddChunk (_stream_readable.js:274:11)
8 error     at PassThrough.Readable.push (_stream_readable.js:217:10)
8 error     at PassThrough.Transform.push (_stream_transform.js:152:32)
8 error     at PassThrough.afterTransform (_stream_transform.js:96:10)
8 error     at PassThrough._transform (_stream_passthrough.js:46:3)
8 error     at PassThrough.Transform._read (_stream_transform.js:191:10)
